2021-02-27 08:08:53.897  INFO 3132 --- [restartedMain] com.phungdung.gnoc2.Gnoc2Application     : Starting Gnoc2Application on DESKTOP-DHHJVQL with PID 3132 (D:\dungpv\gnoc2\target\classes started by Admin in D:\dungpv\gnoc2)
2021-02-27 08:08:53.936  INFO 3132 --- [restartedMain] com.phungdung.gnoc2.Gnoc2Application     : No active profile set, falling back to default profiles: default
2021-02-27 08:08:54.239  INFO 3132 --- [restartedMain] .e.DevToolsPropertyDefaultsPostProcessor : Devtools property defaults active! Set 'spring.devtools.add-properties' to 'false' to disable
2021-02-27 08:08:56.065  INFO 3132 --- [restartedMain] .s.d.r.c.RepositoryConfigurationDelegate : Bootstrapping Spring Data JPA repositories in DEFERRED mode.
2021-02-27 08:08:56.256  INFO 3132 --- [restartedMain] .s.d.r.c.RepositoryConfigurationDelegate : Finished Spring Data repository scanning in 148ms. Found 0 JPA repository interfaces.
2021-02-27 08:08:57.868  INFO 3132 --- [restartedMain] o.s.s.concurrent.ThreadPoolTaskExecutor  : Initializing ExecutorService 'applicationTaskExecutor'
2021-02-27 08:08:57.897  INFO 3132 --- [restartedMain] com.zaxxer.hikari.HikariDataSource       : HikariPool-1 - Starting...
2021-02-27 08:08:59.381  INFO 3132 --- [restartedMain] com.zaxxer.hikari.HikariDataSource       : HikariPool-1 - Start completed.
2021-02-27 08:08:59.604  INFO 3132 --- [task-1] o.hibernate.jpa.internal.util.LogHelper  : HHH000204: Processing PersistenceUnitInfo [name: default]
2021-02-27 08:08:59.885  INFO 3132 --- [task-1] org.hibernate.Version                    : HHH000412: Hibernate ORM core version 5.4.20.Final
2021-02-27 08:09:00.351  INFO 3132 --- [restartedMain] o.s.b.d.a.OptionalLiveReloadServer       : LiveReload server is running on port 35729
2021-02-27 08:09:00.435  INFO 3132 --- [restartedMain] DeferredRepositoryInitializationListener : Triggering deferred initialization of Spring Data repositories…
2021-02-27 08:09:00.440  INFO 3132 --- [restartedMain] DeferredRepositoryInitializationListener : Spring Data repositories initialized!
2021-02-27 08:09:00.483  INFO 3132 --- [restartedMain] com.phungdung.gnoc2.Gnoc2Application     : Started Gnoc2Application in 8.085 seconds (JVM running for 12.558)
2021-02-27 08:09:00.530  INFO 3132 --- [task-1] o.hibernate.annotations.common.Version   : HCANN000001: Hibernate Commons Annotations {5.1.0.Final}
2021-02-27 08:09:00.909  INFO 3132 --- [task-1] org.hibernate.dialect.Dialect            : HHH000400: Using dialect: org.hibernate.dialect.Oracle12cDialect
2021-02-27 08:09:15.978  INFO 3132 --- [task-1] o.h.e.t.j.p.i.JtaPlatformInitiator       : HHH000490: Using JtaPlatform implementation: [org.hibernate.engine.transaction.jta.platform.internal.NoJtaPlatform]
2021-02-27 08:09:16.008  INFO 3132 --- [task-1] j.LocalContainerEntityManagerFactoryBean : Initialized JPA EntityManagerFactory for persistence unit 'default'
2021-02-27 08:10:16.038  INFO 3132 --- [SpringContextShutdownHook] j.LocalContainerEntityManagerFactoryBean : Closing JPA EntityManagerFactory for persistence unit 'default'
2021-02-27 08:10:16.047  INFO 3132 --- [SpringContextShutdownHook] o.s.s.concurrent.ThreadPoolTaskExecutor  : Shutting down ExecutorService 'applicationTaskExecutor'
2021-02-27 08:10:16.052  INFO 3132 --- [SpringContextShutdownHook] com.zaxxer.hikari.HikariDataSource       : HikariPool-1 - Shutdown initiated...
2021-02-27 08:10:16.067  INFO 3132 --- [SpringContextShutdownHook] com.zaxxer.hikari.HikariDataSource       : HikariPool-1 - Shutdown completed.
2021-02-27 08:15:20.822  INFO 9004 --- [restartedMain] com.phungdung.gnoc2.Gnoc2Application     : Starting Gnoc2Application on DESKTOP-DHHJVQL with PID 9004 (D:\dungpv\gnoc2\target\classes started by Admin in D:\dungpv\gnoc2)
2021-02-27 08:15:20.848  INFO 9004 --- [restartedMain] com.phungdung.gnoc2.Gnoc2Application     : No active profile set, falling back to default profiles: default
2021-02-27 08:15:21.026  INFO 9004 --- [restartedMain] .e.DevToolsPropertyDefaultsPostProcessor : Devtools property defaults active! Set 'spring.devtools.add-properties' to 'false' to disable
2021-02-27 08:15:22.426  INFO 9004 --- [restartedMain] .s.d.r.c.RepositoryConfigurationDelegate : Bootstrapping Spring Data JPA repositories in DEFERRED mode.
2021-02-27 08:15:22.565  INFO 9004 --- [restartedMain] .s.d.r.c.RepositoryConfigurationDelegate : Finished Spring Data repository scanning in 116ms. Found 0 JPA repository interfaces.
2021-02-27 08:15:23.836  INFO 9004 --- [restartedMain] o.s.s.concurrent.ThreadPoolTaskExecutor  : Initializing ExecutorService 'applicationTaskExecutor'
2021-02-27 08:15:23.864  INFO 9004 --- [restartedMain] com.zaxxer.hikari.HikariDataSource       : HikariPool-1 - Starting...
2021-02-27 08:15:24.682  INFO 9004 --- [restartedMain] com.zaxxer.hikari.HikariDataSource       : HikariPool-1 - Start completed.
2021-02-27 08:15:24.816  INFO 9004 --- [task-1] o.hibernate.jpa.internal.util.LogHelper  : HHH000204: Processing PersistenceUnitInfo [name: default]
2021-02-27 08:15:25.004  INFO 9004 --- [task-1] org.hibernate.Version                    : HHH000412: Hibernate ORM core version 5.4.20.Final
2021-02-27 08:15:25.362  INFO 9004 --- [restartedMain] o.s.b.d.a.OptionalLiveReloadServer       : LiveReload server is running on port 35729
2021-02-27 08:15:25.437  INFO 9004 --- [restartedMain] DeferredRepositoryInitializationListener : Triggering deferred initialization of Spring Data repositories…
2021-02-27 08:15:25.439  INFO 9004 --- [restartedMain] DeferredRepositoryInitializationListener : Spring Data repositories initialized!
2021-02-27 08:15:25.465  INFO 9004 --- [task-1] o.hibernate.annotations.common.Version   : HCANN000001: Hibernate Commons Annotations {5.1.0.Final}
2021-02-27 08:15:25.474  INFO 9004 --- [restartedMain] com.phungdung.gnoc2.Gnoc2Application     : Started Gnoc2Application in 5.786 seconds (JVM running for 9.05)
2021-02-27 08:15:25.896  INFO 9004 --- [task-1] org.hibernate.dialect.Dialect            : HHH000400: Using dialect: org.hibernate.dialect.Oracle12cDialect
2021-02-27 08:15:37.729  INFO 9004 --- [task-1] o.h.e.t.j.p.i.JtaPlatformInitiator       : HHH000490: Using JtaPlatform implementation: [org.hibernate.engine.transaction.jta.platform.internal.NoJtaPlatform]
2021-02-27 08:15:37.749  INFO 9004 --- [task-1] j.LocalContainerEntityManagerFactoryBean : Initialized JPA EntityManagerFactory for persistence unit 'default'
2021-02-27 08:16:37.771  INFO 9004 --- [SpringContextShutdownHook] j.LocalContainerEntityManagerFactoryBean : Closing JPA EntityManagerFactory for persistence unit 'default'
2021-02-27 08:16:37.777  INFO 9004 --- [SpringContextShutdownHook] o.s.s.concurrent.ThreadPoolTaskExecutor  : Shutting down ExecutorService 'applicationTaskExecutor'
2021-02-27 08:16:37.782  INFO 9004 --- [SpringContextShutdownHook] com.zaxxer.hikari.HikariDataSource       : HikariPool-1 - Shutdown initiated...
2021-02-27 08:16:37.799  INFO 9004 --- [SpringContextShutdownHook] com.zaxxer.hikari.HikariDataSource       : HikariPool-1 - Shutdown completed.
2021-02-27 08:58:53.649  INFO 504 --- [restartedMain] com.phungdung.gnoc2.Gnoc2Application     : Starting Gnoc2Application on DESKTOP-DHHJVQL with PID 504 (D:\dungpv\gnoc2\target\classes started by Admin in D:\dungpv\gnoc2)
2021-02-27 08:58:53.672  INFO 504 --- [restartedMain] com.phungdung.gnoc2.Gnoc2Application     : No active profile set, falling back to default profiles: default
2021-02-27 08:58:53.907  INFO 504 --- [restartedMain] .e.DevToolsPropertyDefaultsPostProcessor : Devtools property defaults active! Set 'spring.devtools.add-properties' to 'false' to disable
2021-02-27 08:58:56.521  INFO 504 --- [restartedMain] .s.d.r.c.RepositoryConfigurationDelegate : Bootstrapping Spring Data JPA repositories in DEFERRED mode.
2021-02-27 08:58:56.736  INFO 504 --- [restartedMain] .s.d.r.c.RepositoryConfigurationDelegate : Finished Spring Data repository scanning in 175ms. Found 0 JPA repository interfaces.
2021-02-27 08:58:58.625  INFO 504 --- [restartedMain] o.s.s.concurrent.ThreadPoolTaskExecutor  : Initializing ExecutorService 'applicationTaskExecutor'
2021-02-27 08:58:58.668  INFO 504 --- [restartedMain] com.zaxxer.hikari.HikariDataSource       : HikariPool-1 - Starting...
2021-02-27 08:58:59.582  INFO 504 --- [restartedMain] com.zaxxer.hikari.HikariDataSource       : HikariPool-1 - Start completed.
2021-02-27 08:58:59.768  INFO 504 --- [task-1] o.hibernate.jpa.internal.util.LogHelper  : HHH000204: Processing PersistenceUnitInfo [
	name: default
	...]
2021-02-27 08:59:00.163  INFO 504 --- [task-1] org.hibernate.Version                    : HHH000412: Hibernate Core {5.3.7.Final}
2021-02-27 08:59:00.198  INFO 504 --- [task-1] org.hibernate.cfg.Environment            : HHH000206: hibernate.properties not found
2021-02-27 08:59:00.486  INFO 504 --- [restartedMain] o.s.b.d.a.OptionalLiveReloadServer       : LiveReload server is running on port 35729
2021-02-27 08:59:00.693  INFO 504 --- [restartedMain] DeferredRepositoryInitializationListener : Triggering deferred initialization of Spring Data repositories…
2021-02-27 08:59:00.699  INFO 504 --- [restartedMain] DeferredRepositoryInitializationListener : Spring Data repositories initialized!
2021-02-27 08:59:00.766  INFO 504 --- [restartedMain] com.phungdung.gnoc2.Gnoc2Application     : Started Gnoc2Application in 8.599 seconds (JVM running for 14.205)
2021-02-27 08:59:01.092  INFO 504 --- [task-1] o.hibernate.annotations.common.Version   : HCANN000001: Hibernate Commons Annotations {5.0.4.Final}
2021-02-27 08:59:01.642  INFO 504 --- [task-1] org.hibernate.dialect.Dialect            : HHH000400: Using dialect: org.hibernate.dialect.Oracle12cDialect
2021-02-27 08:59:02.428  INFO 504 --- [task-1] org.hibernate.type.BasicTypeRegistry     : HHH000270: Type registration [byte[]] overrides previous : org.hibernate.type.BinaryType@4a826e8b
2021-02-27 08:59:02.429  INFO 504 --- [task-1] org.hibernate.type.BasicTypeRegistry     : HHH000270: Type registration [[B] overrides previous : org.hibernate.type.BinaryType@4a826e8b
2021-02-27 08:59:02.432  INFO 504 --- [task-1] org.hibernate.type.BasicTypeRegistry     : HHH000270: Type registration [Byte[]] overrides previous : org.hibernate.type.WrapperBinaryType@1b30b3de
2021-02-27 08:59:02.433  INFO 504 --- [task-1] org.hibernate.type.BasicTypeRegistry     : HHH000270: Type registration [[Ljava.lang.Byte;] overrides previous : org.hibernate.type.WrapperBinaryType@1b30b3de
2021-02-27 08:59:02.914  INFO 504 --- [task-1] j.LocalContainerEntityManagerFactoryBean : Initialized JPA EntityManagerFactory for persistence unit 'default'
2021-02-27 09:00:03.105  INFO 504 --- [SpringContextShutdownHook] j.LocalContainerEntityManagerFactoryBean : Closing JPA EntityManagerFactory for persistence unit 'default'
2021-02-27 09:00:03.115  INFO 504 --- [SpringContextShutdownHook] o.s.s.concurrent.ThreadPoolTaskExecutor  : Shutting down ExecutorService 'applicationTaskExecutor'
2021-02-27 09:00:03.122  INFO 504 --- [SpringContextShutdownHook] com.zaxxer.hikari.HikariDataSource       : HikariPool-1 - Shutdown initiated...
2021-02-27 09:00:03.165  INFO 504 --- [SpringContextShutdownHook] com.zaxxer.hikari.HikariDataSource       : HikariPool-1 - Shutdown completed.
2021-02-27 09:03:50.502  INFO 1312 --- [restartedMain] com.phungdung.gnoc2.Gnoc2Application     : Starting Gnoc2Application on DESKTOP-DHHJVQL with PID 1312 (D:\dungpv\gnoc2\target\classes started by Admin in D:\dungpv\gnoc2)
2021-02-27 09:03:50.516  INFO 1312 --- [restartedMain] com.phungdung.gnoc2.Gnoc2Application     : No active profile set, falling back to default profiles: default
2021-02-27 09:03:50.873  INFO 1312 --- [restartedMain] .e.DevToolsPropertyDefaultsPostProcessor : Devtools property defaults active! Set 'spring.devtools.add-properties' to 'false' to disable
2021-02-27 09:03:53.158  INFO 1312 --- [restartedMain] .s.d.r.c.RepositoryConfigurationDelegate : Bootstrapping Spring Data JPA repositories in DEFERRED mode.
2021-02-27 09:03:53.338  INFO 1312 --- [restartedMain] .s.d.r.c.RepositoryConfigurationDelegate : Finished Spring Data repository scanning in 154ms. Found 0 JPA repository interfaces.
2021-02-27 09:03:55.433  INFO 1312 --- [restartedMain] o.s.s.concurrent.ThreadPoolTaskExecutor  : Initializing ExecutorService 'applicationTaskExecutor'
2021-02-27 09:03:55.479  INFO 1312 --- [restartedMain] com.zaxxer.hikari.HikariDataSource       : HikariPool-1 - Starting...
2021-02-27 09:03:57.157  INFO 1312 --- [restartedMain] com.zaxxer.hikari.HikariDataSource       : HikariPool-1 - Start completed.
2021-02-27 09:03:57.421  INFO 1312 --- [task-1] o.hibernate.jpa.internal.util.LogHelper  : HHH000204: Processing PersistenceUnitInfo [
	name: default
	...]
2021-02-27 09:03:57.980  INFO 1312 --- [task-1] org.hibernate.Version                    : HHH000412: Hibernate Core {5.3.7.Final}
2021-02-27 09:03:57.996  INFO 1312 --- [task-1] org.hibernate.cfg.Environment            : HHH000206: hibernate.properties not found
2021-02-27 09:03:58.291  INFO 1312 --- [restartedMain] o.s.b.d.a.OptionalLiveReloadServer       : LiveReload server is running on port 35729
2021-02-27 09:03:58.402  INFO 1312 --- [restartedMain] DeferredRepositoryInitializationListener : Triggering deferred initialization of Spring Data repositories…
2021-02-27 09:03:58.404  INFO 1312 --- [restartedMain] DeferredRepositoryInitializationListener : Spring Data repositories initialized!
2021-02-27 09:03:58.472  INFO 1312 --- [restartedMain] com.phungdung.gnoc2.Gnoc2Application     : Started Gnoc2Application in 10.26 seconds (JVM running for 18.085)
2021-02-27 09:03:59.059  INFO 1312 --- [task-1] o.hibernate.annotations.common.Version   : HCANN000001: Hibernate Commons Annotations {5.0.4.Final}
2021-02-27 09:03:59.756  INFO 1312 --- [task-1] org.hibernate.dialect.Dialect            : HHH000400: Using dialect: org.hibernate.dialect.Oracle12cDialect
2021-02-27 09:04:01.089  INFO 1312 --- [task-1] org.hibernate.type.BasicTypeRegistry     : HHH000270: Type registration [byte[]] overrides previous : org.hibernate.type.BinaryType@30a86628
2021-02-27 09:04:01.090  INFO 1312 --- [task-1] org.hibernate.type.BasicTypeRegistry     : HHH000270: Type registration [[B] overrides previous : org.hibernate.type.BinaryType@30a86628
2021-02-27 09:04:01.093  INFO 1312 --- [task-1] org.hibernate.type.BasicTypeRegistry     : HHH000270: Type registration [Byte[]] overrides previous : org.hibernate.type.WrapperBinaryType@3f6934cc
2021-02-27 09:04:01.094  INFO 1312 --- [task-1] org.hibernate.type.BasicTypeRegistry     : HHH000270: Type registration [[Ljava.lang.Byte;] overrides previous : org.hibernate.type.WrapperBinaryType@3f6934cc
2021-02-27 09:04:01.729  INFO 1312 --- [task-1] j.LocalContainerEntityManagerFactoryBean : Initialized JPA EntityManagerFactory for persistence unit 'default'
2021-02-27 09:05:01.762  INFO 1312 --- [SpringContextShutdownHook] j.LocalContainerEntityManagerFactoryBean : Closing JPA EntityManagerFactory for persistence unit 'default'
2021-02-27 09:05:01.762  INFO 1312 --- [SpringContextShutdownHook] o.s.s.concurrent.ThreadPoolTaskExecutor  : Shutting down ExecutorService 'applicationTaskExecutor'
2021-02-27 09:05:01.778  INFO 1312 --- [SpringContextShutdownHook] com.zaxxer.hikari.HikariDataSource       : HikariPool-1 - Shutdown initiated...
2021-02-27 09:05:01.794  INFO 1312 --- [SpringContextShutdownHook] com.zaxxer.hikari.HikariDataSource       : HikariPool-1 - Shutdown completed.
